2026-03-25 23:13:16 - main - INFO - 模型评分客户端初始化完成
2026-03-25 23:13:16 - main - INFO - 输出目录: /home/zx/codexProject/vocal_analysis/Client/outputs
2026-03-25 23:13:16 - main - INFO - 模型评分客户端初始化完成
2026-03-25 23:13:16 - main - INFO - 输出目录: /home/zx/codexProject/vocal_analysis/Client/outputs
2026-03-25 23:13:16 - main - INFO - 模型评分客户端初始化完成
2026-03-25 23:13:16 - main - INFO - 输出目录: /home/zx/codexProject/vocal_analysis/Client/outputs
2026-03-25 23:13:16 - main - INFO - 开始运行模型评分客户端...
2026-03-25 23:13:16 - main - INFO - 执行健康检查...
2026-03-25 23:13:16 - main - INFO - 配置验证通过
2026-03-25 23:13:16 - main - INFO - 健康检查通过
2026-03-25 23:13:16 - main - INFO - 获取到 1 个待评分任务
2026-03-25 23:13:21 - main - INFO - 暂无待评分任务
2026-03-25 23:13:25 - main - INFO - 暂无待评分任务
2026-03-25 23:13:28 - main - INFO - 暂无待评分任务
2026-03-25 23:13:31 - main - INFO - 暂无待评分任务
2026-03-25 23:13:34 - main - INFO - 暂无待评分任务
2026-03-25 23:13:37 - main - INFO - 暂无待评分任务
2026-03-25 23:13:40 - main - INFO - 暂无待评分任务
2026-03-25 23:13:43 - main - INFO - 暂无待评分任务
2026-03-25 23:13:46 - main - INFO - 暂无待评分任务
2026-03-25 23:13:49 - main - INFO - 暂无待评分任务
2026-03-25 23:13:52 - main - INFO - 暂无待评分任务
2026-03-25 23:13:55 - main - INFO - 暂无待评分任务
2026-03-25 23:13:58 - main - INFO - 暂无待评分任务
2026-03-25 23:14:02 - main - INFO - 暂无待评分任务
2026-03-25 23:14:05 - main - INFO - 暂无待评分任务
2026-03-25 23:14:08 - main - INFO - 暂无待评分任务
2026-03-25 23:14:11 - main - INFO - 暂无待评分任务
2026-03-25 23:19:16 - main - INFO - 模型评分客户端初始化完成
2026-03-25 23:19:16 - main - INFO - 输出目录: /home/zx/codexProject/vocal_analysis/Client/outputs
2026-03-25 23:19:16 - main - INFO - 模型评分客户端初始化完成
2026-03-25 23:19:16 - main - INFO - 输出目录: /home/zx/codexProject/vocal_analysis/Client/outputs
2026-03-25 23:19:16 - main - INFO - 模型评分客户端初始化完成
2026-03-25 23:19:16 - main - INFO - 输出目录: /home/zx/codexProject/vocal_analysis/Client/outputs
2026-03-25 23:19:16 - main - INFO - 开始运行模型评分客户端...
2026-03-25 23:19:16 - main - INFO - 执行健康检查...
2026-03-25 23:19:17 - main - INFO - 配置验证通过
2026-03-25 23:19:17 - main - INFO - 健康检查通过
2026-03-25 23:19:17 - main - INFO - 暂无待评分任务
2026-03-25 23:19:20 - main - INFO - 暂无待评分任务
2026-03-25 23:19:23 - main - INFO - 暂无待评分任务
2026-03-25 23:19:26 - main - INFO - 暂无待评分任务
2026-03-25 23:19:29 - main - INFO - 暂无待评分任务
2026-03-25 23:19:32 - main - INFO - 暂无待评分任务
2026-03-25 23:19:35 - main - INFO - 暂无待评分任务
2026-03-25 23:19:38 - main - INFO - 暂无待评分任务
2026-03-25 23:19:41 - main - INFO - 暂无待评分任务
2026-03-25 23:19:44 - main - INFO - 暂无待评分任务
2026-03-25 23:19:47 - main - INFO - 暂无待评分任务
2026-03-25 23:19:50 - main - INFO - 暂无待评分任务
2026-03-25 23:19:53 - main - INFO - 暂无待评分任务
2026-03-25 23:19:57 - main - INFO - 暂无待评分任务
2026-03-25 23:20:00 - main - INFO - 暂无待评分任务
2026-03-25 23:20:03 - main - INFO - 暂无待评分任务
2026-03-25 23:20:06 - main - INFO - 暂无待评分任务
2026-03-25 23:20:09 - main - INFO - 暂无待评分任务
